DEBUG 2020-08-31 09:29:37,525 Loading modules from ()
DEBUG 2020-08-31 09:29:37,525 Found module class <class 'opengnsys.modules.client.OpenGnSys.OpenGnSysWorker'>
DEBUG 2020-08-31 09:29:37,525 Modules: [u'opengnsys']
DEBUG 2020-08-31 09:29:37,525 Activating module opengnsys
DEBUG 2020-08-31 09:29:37,525 Activate invoked
DEBUG 2020-08-31 09:29:37,526 Sending request for msg: 229(REQ_LOGIN), curs14,en_US
DEBUG 2020-08-31 11:32:48,333 Quit invoked
DEBUG 2020-08-31 11:32:48,333 Deactivating module opengnsys
DEBUG 2020-08-31 11:32:48,333 Deactivate invoked
DEBUG 2020-08-31 11:32:48,333 Sending request for msg: 246(REQ_LOGOUT), curs14
DEBUG 2020-08-31 11:32:49,335 Exiting
DEBUG 2020-08-31 11:33:08,586 Loading modules from ()
DEBUG 2020-08-31 11:33:08,586 Found module class <class 'opengnsys.modules.client.OpenGnSys.OpenGnSysWorker'>
DEBUG 2020-08-31 11:33:08,586 Modules: [u'opengnsys']
DEBUG 2020-08-31 11:33:08,586 Activating module opengnsys
DEBUG 2020-08-31 11:33:08,586 Activate invoked
DEBUG 2020-08-31 11:33:08,586 Sending request for msg: 229(REQ_LOGIN), curs14,en_US
DEBUG 2020-08-31 18:11:57,565 Quit invoked
DEBUG 2020-08-31 18:11:57,565 Deactivating module opengnsys
DEBUG 2020-08-31 18:11:57,565 Deactivate invoked
DEBUG 2020-08-31 18:11:57,565 Sending request for msg: 246(REQ_LOGOUT), curs14
DEBUG 2020-08-31 18:11:58,567 Exiting
DEBUG 2020-09-01 10:36:29,986 Loading modules from ()
DEBUG 2020-09-01 10:36:29,987 Found module class <class 'opengnsys.modules.client.OpenGnSys.OpenGnSysWorker'>
DEBUG 2020-09-01 10:36:29,987 Modules: [u'opengnsys']
DEBUG 2020-09-01 10:36:29,987 Activating module opengnsys
DEBUG 2020-09-01 10:36:29,987 Activate invoked
DEBUG 2020-09-01 10:36:29,988 Sending request for msg: 229(REQ_LOGIN), curs14,en_US
DEBUG 2020-09-01 17:49:04,074 Quit invoked
DEBUG 2020-09-01 17:49:04,074 Deactivating module opengnsys
DEBUG 2020-09-01 17:49:04,074 Deactivate invoked
DEBUG 2020-09-01 17:49:04,074 Sending request for msg: 246(REQ_LOGOUT), curs14
DEBUG 2020-09-01 17:49:05,075 Exiting
DEBUG 2020-09-02 09:15:16,628 Loading modules from ()
DEBUG 2020-09-02 09:15:16,628 Found module class <class 'opengnsys.modules.client.OpenGnSys.OpenGnSysWorker'>
DEBUG 2020-09-02 09:15:16,629 Modules: [u'opengnsys']
DEBUG 2020-09-02 09:15:16,629 Activating module opengnsys
DEBUG 2020-09-02 09:15:16,629 Activate invoked
DEBUG 2020-09-02 09:15:16,629 Sending request for msg: 229(REQ_LOGIN), curs14,en_US
DEBUG 2020-09-02 17:37:44,908 Quit invoked
DEBUG 2020-09-02 17:37:44,908 Deactivating module opengnsys
DEBUG 2020-09-02 17:37:44,908 Deactivate invoked
DEBUG 2020-09-02 17:37:44,908 Sending request for msg: 246(REQ_LOGOUT), curs14
DEBUG 2020-09-02 17:37:45,910 Exiting
DEBUG 2020-09-03 09:21:48,179 Loading modules from ()
DEBUG 2020-09-03 09:21:48,180 Found module class <class 'opengnsys.modules.client.OpenGnSys.OpenGnSysWorker'>
DEBUG 2020-09-03 09:21:48,180 Modules: [u'opengnsys']
DEBUG 2020-09-03 09:21:48,180 Activating module opengnsys
DEBUG 2020-09-03 09:21:48,181 Activate invoked
DEBUG 2020-09-03 09:21:48,181 Sending request for msg: 229(REQ_LOGIN), curs14,en_US
